# JRE version: OpenJDK Runtime Environment (8.0_242) (build 1.8.0_242-release-1644-b3-6222593)
# Java VM: OpenJDK 64-Bit Server VM (25.242-b3-6222593 mixed mode linux-amd64 compressed oops)
Heap:
 PSYoungGen      total 479744K, used 16172K [0x00000000d5580000, 0x00000000f4d00000, 0x0000000100000000)
  eden space 443904K, 0% used [0x00000000d5580000,0x00000000d5580000,0x00000000f0700000)
  from space 35840K, 45% used [0x00000000f0700000,0x00000000f16cb168,0x00000000f2a00000)
  to   space 28160K, 0% used [0x00000000f3180000,0x00000000f3180000,0x00000000f4d00000)
 ParOldGen       total 119296K, used 94970K [0x0000000080000000, 0x0000000087480000, 0x00000000d5580000)
  object space 119296K, 79% used [0x0000000080000000,0x0000000085cbe9b0,0x0000000087480000)
 Metaspace       used 87660K, capacity 92043K, committed 92200K, reserved 1128448K
  class space    used 11701K, capacity 12527K, committed 12592K, reserved 1048576K
GC Heap History (10 events):
Event: 9.140 GC heap after
Heap after GC invocations=13 (full 3):
 PSYoungGen      total 282624K, used 0K [0x00000000d5580000, 0x00000000e8580000, 0x0000000100000000)
  eden space 261632K, 0% used [0x00000000d5580000,0x00000000d5580000,0x00000000e5500000)
  from space 20992K, 0% used [0x00000000e6c80000,0x00000000e6c80000,0x00000000e8100000)
  to   space 24064K, 0% used [0x00000000e5500000,0x00000000e5500000,0x00000000e6c80000)
 ParOldGen       total 119296K, used 32763K [0x0000000080000000, 0x0000000087480000, 0x00000000d5580000)
  object space 119296K, 27% used [0x0000000080000000,0x0000000081ffed60,0x0000000087480000)
 Metaspace       used 57120K, capacity 59047K, committed 59160K, reserved 1099776K
  class space    used 7844K, capacity 8319K, committed 8368K, reserved 1048576K
}
Event: 13.424 GC heap before
{Heap before GC invocations=14 (full 3):
 PSYoungGen      total 282624K, used 261632K [0x00000000d5580000, 0x00000000e8580000, 0x0000000100000000)
  eden space 261632K, 100% used [0x00000000d5580000,0x00000000e5500000,0x00000000e5500000)
  from space 20992K, 0% used [0x00000000e6c80000,0x00000000e6c80000,0x00000000e8100000)
  to   space 24064K, 0% used [0x00000000e5500000,0x00000000e5500000,0x00000000e6c80000)
 ParOldGen       total 119296K, used 32763K [0x0000000080000000, 0x0000000087480000, 0x00000000d5580000)
  object space 119296K, 27% used [0x0000000080000000,0x0000000081ffed60,0x0000000087480000)
 Metaspace       used 64144K, capacity 66987K, committed 67240K, reserved 1107968K
  class space    used 8748K, capacity 9357K, committed 9392K, reserved 1048576K
Event: 13.544 GC heap after
Heap after GC invocations=14 (full 3):
 PSYoungGen      total 285696K, used 24056K [0x00000000d5580000, 0x00000000ed000000, 0x0000000100000000)
  eden space 261632K, 0% used [0x00000000d5580000,0x00000000d5580000,0x00000000e5500000)
  from space 24064K, 99% used [0x00000000e5500000,0x00000000e6c7e080,0x00000000e6c80000)
  to   space 31744K, 0% used [0x00000000eb100000,0x00000000eb100000,0x00000000ed000000)
 ParOldGen       total 119296K, used 43820K [0x0000000080000000, 0x0000000087480000, 0x00000000d5580000)
  object space 119296K, 36% used [0x0000000080000000,0x0000000082acb3e8,0x0000000087480000)
 Metaspace       used 64144K, capacity 66987K, committed 67240K, reserved 1107968K
  class space    used 8748K, capacity 9357K, committed 9392K, reserved 1048576K
}
Event: 31.999 GC heap before
{Heap before GC invocations=15 (full 3):
 PSYoungGen      total 285696K, used 285688K [0x00000000d5580000, 0x00000000ed000000, 0x0000000100000000)
  eden space 261632K, 100% used [0x00000000d5580000,0x00000000e5500000,0x00000000e5500000)
  from space 24064K, 99% used [0x00000000e5500000,0x00000000e6c7e080,0x00000000e6c80000)
  to   space 31744K, 0% used [0x00000000eb100000,0x00000000eb100000,0x00000000ed000000)
 ParOldGen       total 119296K, used 43820K [0x0000000080000000, 0x0000000087480000, 0x00000000d5580000)
  object space 119296K, 36% used [0x0000000080000000,0x0000000082acb3e8,0x0000000087480000)
 Metaspace       used 76092K, capacity 79161K, committed 79528K, reserved 1118208K
  class space    used 10177K, capacity 10814K, committed 10928K, reserved 1048576K
Event: 38.110 GC heap after
Heap after GC invocations=15 (full 3):
 PSYoungGen      total 354816K, used 21823K [0x00000000d5580000, 0x00000000f0200000, 0x0000000100000000)
  eden space 323072K, 0% used [0x00000000d5580000,0x00000000d5580000,0x00000000e9100000)
  from space 31744K, 68% used [0x00000000eb100000,0x00000000ec64fd48,0x00000000ed000000)
  to   space 32768K, 0% used [0x00000000e9100000,0x00000000e9100000,0x00000000eb100000)
 ParOldGen       total 119296K, used 66957K [0x0000000080000000, 0x0000000087480000, 0x00000000d5580000)
  object space 119296K, 56% used [0x0000000080000000,0x0000000084163678,0x0000000087480000)
 Metaspace       used 76092K, capacity 79161K, committed 79528K, reserved 1118208K
  class space    used 10177K, capacity 10814K, committed 10928K, reserved 1048576K
}
Event: 42.816 GC heap before
{Heap before GC invocations=16 (full 3):
 PSYoungGen      total 354816K, used 344895K [0x00000000d5580000, 0x00000000f0200000, 0x0000000100000000)
  eden space 323072K, 100% used [0x00000000d5580000,0x00000000e9100000,0x00000000e9100000)
  from space 31744K, 68% used [0x00000000eb100000,0x00000000ec64fd48,0x00000000ed000000)
  to   space 32768K, 0% used [0x00000000e9100000,0x00000000e9100000,0x00000000eb100000)
 ParOldGen       total 119296K, used 66957K [0x0000000080000000, 0x0000000087480000, 0x00000000d5580000)
  object space 119296K, 56% used [0x0000000080000000,0x0000000084163678,0x0000000087480000)
 Metaspace       used 86269K, capacity 90581K, committed 90792K, reserved 1128448K
  class space    used 11613K, capacity 12442K, committed 12464K, reserved 1048576K
Event: 42.900 GC heap after
Heap after GC invocations=16 (full 3):
 PSYoungGen      total 355840K, used 26434K [0x00000000d5580000, 0x00000000f5480000, 0x0000000100000000)
  eden space 323072K, 0% used [0x00000000d5580000,0x00000000d5580000,0x00000000e9100000)
  from space 32768K, 80% used [0x00000000e9100000,0x00000000eaad0b20,0x00000000eb100000)
  to   space 35840K, 0% used [0x00000000f3180000,0x00000000f3180000,0x00000000f5480000)
 ParOldGen       total 119296K, used 79272K [0x0000000080000000, 0x0000000087480000, 0x00000000d5580000)
  object space 119296K, 66% used [0x0000000080000000,0x0000000084d6a370,0x0000000087480000)
 Metaspace       used 86269K, capacity 90581K, committed 90792K, reserved 1128448K
  class space    used 11613K, capacity 12442K, committed 12464K, reserved 1048576K
}
Event: 45.142 GC heap before
{Heap before GC invocations=17 (full 3):
 PSYoungGen      total 355840K, used 349506K [0x00000000d5580000, 0x00000000f5480000, 0x0000000100000000)
  eden space 323072K, 100% used [0x00000000d5580000,0x00000000e9100000,0x00000000e9100000)
  from space 32768K, 80% used [0x00000000e9100000,0x00000000eaad0b20,0x00000000eb100000)
  to   space 35840K, 0% used [0x00000000f3180000,0x00000000f3180000,0x00000000f5480000)
 ParOldGen       total 119296K, used 79272K [0x0000000080000000, 0x0000000087480000, 0x00000000d5580000)
  object space 119296K, 66% used [0x0000000080000000,0x0000000084d6a370,0x0000000087480000)
 Metaspace       used 87039K, capacity 91423K, committed 91688K, reserved 1128448K
  class space    used 11647K, capacity 12481K, committed 12592K, reserved 1048576K
Event: 45.194 GC heap after
Heap after GC invocations=17 (full 3):
 PSYoungGen      total 472064K, used 2096K [0x00000000d5580000, 0x00000000f4d00000, 0x0000000100000000)
  eden space 443904K, 0% used [0x00000000d5580000,0x00000000d5580000,0x00000000f0700000)
  from space 28160K, 7% used [0x00000000f3180000,0x00000000f338c060,0x00000000f4d00000)
  to   space 35840K, 0% used [0x00000000f0700000,0x00000000f0700000,0x00000000f2a00000)
 ParOldGen       total 119296K, used 93726K [0x0000000080000000, 0x0000000087480000, 0x00000000d5580000)
  object space 119296K, 78% used [0x0000000080000000,0x0000000085b87990,0x0000000087480000)
 Metaspace       used 87039K, capacity 91423K, committed 91688K, reserved 1128448K
  class space    used 11647K, capacity 12481K, committed 12592K, reserved 1048576K
}
Event: 48.701 GC heap before
{Heap before GC invocations=18 (full 3):
 PSYoungGen      total 472064K, used 446000K [0x00000000d5580000, 0x00000000f4d00000, 0x0000000100000000)
  eden space 443904K, 100% used [0x00000000d5580000,0x00000000f0700000,0x00000000f0700000)
  from space 28160K, 7% used [0x00000000f3180000,0x00000000f338c060,0x00000000f4d00000)
  to   space 35840K, 0% used [0x00000000f0700000,0x00000000f0700000,0x00000000f2a00000)
 ParOldGen       total 119296K, used 93726K [0x0000000080000000, 0x0000000087480000, 0x00000000d5580000)
  object space 119296K, 78% used [0x0000000080000000,0x0000000085b87990,0x0000000087480000)
 Metaspace       used 87660K, capacity 92043K, committed 92200K, reserved 1128448K
  class space    used 11701K, capacity 12527K, committed 12592K, reserved 1048576K

